\BOOKMARK [0][-]{chapter*.3}{\376\377\004\022\004\062\004\065\004\064\004\065\004\075\004\070\004\065}{}% 1
\BOOKMARK [0][-]{chapter.1}{\376\377\004\020\004\075\004\060\004\073\004\070\004\102\004\070\004\107\004\065\004\101\004\072\004\060\004\117\000\040\004\107\004\060\004\101\004\102\004\114}{}% 2
\BOOKMARK [1][-]{section.1.1}{\376\377\004\037\004\076\004\101\004\102\004\060\004\075\004\076\004\062\004\072\004\060\000\040\004\067\004\060\004\064\004\060\004\107\004\070}{chapter.1}% 3
\BOOKMARK [1][-]{section.1.2}{\376\377\004\044\004\076\004\100\004\074\004\060\004\073\004\070\004\067\004\060\004\106\004\070\004\117\000\040\004\064\004\060\004\075\004\075\004\113\004\105}{chapter.1}% 4
\BOOKMARK [1][-]{section.1.3}{\376\377\004\044\004\076\004\100\004\074\004\060\004\073\004\070\004\067\004\060\004\106\004\070\004\117\000\040\004\100\004\076\004\073\004\065\004\071}{chapter.1}% 5
\BOOKMARK [1][-]{section.1.4}{\376\377\004\021\004\060\004\067\004\113\000\040\004\064\004\060\004\075\004\075\004\113\004\105}{chapter.1}% 6
\BOOKMARK [2][-]{subsection.1.4.1}{\376\377\004\034\004\076\004\064\004\065\004\073\004\070\000\040\004\064\004\060\004\075\004\075\004\113\004\105}{section.1.4}% 7
\BOOKMARK [2][-]{subsection.1.4.2}{\376\377\004\041\004\043\004\021\004\024}{section.1.4}% 8
\BOOKMARK [0][-]{chapter.2}{\376\377\004\032\004\076\004\075\004\101\004\102\004\100\004\103\004\072\004\102\004\076\004\100\004\101\004\072\004\060\004\117\000\040\004\107\004\060\004\101\004\102\004\114}{}% 9
\BOOKMARK [1][-]{section.2.1}{\376\377\004\024\004\070\004\060\004\063\004\100\004\060\004\074\004\074\004\060\000\040\004\062\004\060\004\100\004\070\004\060\004\075\004\102\004\076\004\062\000\040\004\070\004\101\004\077\004\076\004\073\004\114\004\067\004\076\004\062\004\060\004\075\004\070\004\117}{chapter.2}% 10
\BOOKMARK [1][-]{section.2.2}{\376\377\004\037\004\100\004\076\004\065\004\072\004\102\004\070\004\100\004\076\004\062\004\060\004\075\004\070\004\065\000\040\004\061\004\060\004\067\004\113\000\040\004\064\004\060\004\075\004\075\004\113\004\105}{chapter.2}% 11
\BOOKMARK [2][-]{subsection.2.2.1}{\376\377\004\041\004\103\004\111\004\075\004\076\004\101\004\102\004\070\000\040\004\061\004\060\004\067\004\113\000\040\004\064\004\060\004\075\004\075\004\113\004\105}{section.2.2}% 12
\BOOKMARK [2][-]{subsection.2.2.2}{\376\377\004\037\004\100\004\076\004\065\004\072\004\102\004\070\004\100\004\076\004\062\004\060\004\075\004\070\004\065\000\040\004\102\004\060\004\061\004\073\004\070\004\106}{section.2.2}% 13
\BOOKMARK [2][-]{subsection.2.2.3}{\376\377\004\035\004\076\004\100\004\074\004\060\004\073\004\070\004\067\004\060\004\106\004\070\004\117\000\040\004\101\004\105\004\065\004\074\000\040\004\076\004\102\004\075\004\076\004\110\004\065\004\075\004\070\004\071}{section.2.2}% 14
\BOOKMARK [2][-]{subsection.2.2.4}{\376\377\004\041\004\105\004\065\004\074\004\113\000\040\004\102\004\100\004\070\004\063\004\063\004\065\004\100\004\076\004\062}{section.2.2}% 15
\BOOKMARK [1][-]{section.2.3}{\376\377\004\020\004\100\004\105\004\070\004\102\004\065\004\072\004\102\004\103\004\100\004\060\000\040\004\077\004\100\004\070\004\073\004\076\004\066\004\065\004\075\004\070\004\117}{chapter.2}% 16
\BOOKMARK [0][-]{chapter.3}{\376\377\004\042\004\065\004\105\004\075\004\076\004\073\004\076\004\063\004\070\004\107\004\065\004\101\004\072\004\060\004\117\000\040\004\107\004\060\004\101\004\102\004\114}{}% 17
\BOOKMARK [1][-]{section.3.1}{\376\377\004\022\004\113\004\061\004\076\004\100\000\040\004\101\004\100\004\065\004\064\004\101\004\102\004\062\000\040\004\077\004\100\004\076\004\063\004\100\004\060\004\074\004\074\004\075\004\076\004\071\000\040\004\100\004\065\004\060\004\073\004\070\004\067\004\060\004\106\004\070\004\070}{chapter.3}% 18
\BOOKMARK [2][-]{subsection.3.1.1}{\376\377\004\057\004\067\004\113\004\072\000\040\004\077\004\100\004\076\004\063\004\100\004\060\004\074\004\074\004\070\004\100\004\076\004\062\004\060\004\075\004\070\004\117}{section.3.1}% 19
\BOOKMARK [2][-]{subsection.3.1.2}{\376\377\004\041\004\043\004\021\004\024\000\040\004\070\000\040\000O\000R\000M}{section.3.1}% 20
\BOOKMARK [2][-]{subsection.3.1.3}{\376\377\000W\000e\000b\000-\004\104\004\100\004\065\004\071\004\074\004\062\004\076\004\100\004\072}{section.3.1}% 21
\BOOKMARK [1][-]{section.3.2}{\376\377\000U\000M\000L\000-\004\064\004\070\004\060\004\063\004\100\004\060\004\074\004\074\004\113\000\040\004\072\004\076\004\074\004\077\004\076\004\075\004\065\004\075\004\102\004\076\004\062\000\040\004\077\004\100\004\070\004\073\004\076\004\066\004\065\004\075\004\070\004\117}{chapter.3}% 22
\BOOKMARK [2][-]{subsection.3.2.1}{\376\377\004\032\004\076\004\074\004\077\004\076\004\075\004\065\004\075\004\102\000\040\004\064\004\076\004\101\004\102\004\103\004\077\004\060\000\040\004\072\000\040\004\064\004\060\004\075\004\075\004\113\004\074}{section.3.2}% 23
\BOOKMARK [2][-]{subsection.3.2.2}{\376\377\004\032\004\076\004\074\004\077\004\076\004\075\004\065\004\075\004\102\000\040\004\061\004\070\004\067\004\075\004\065\004\101\000-\004\073\004\076\004\063\004\070\004\072\004\070}{section.3.2}% 24
\BOOKMARK [2][-]{subsection.3.2.3}{\376\377\004\032\004\076\004\074\004\077\004\076\004\075\004\065\004\075\004\102\000\040\004\077\004\100\004\065\004\064\004\101\004\102\004\060\004\062\004\073\004\065\004\075\004\070\004\117}{section.3.2}% 25
\BOOKMARK [2][-]{subsection.3.2.4}{\376\377\004\024\004\070\004\060\004\063\004\100\004\060\004\074\004\074\004\060\000\040\004\077\004\100\004\070\004\073\004\076\004\066\004\065\004\075\004\070\004\117}{section.3.2}% 26
\BOOKMARK [1][-]{section.3.3}{\376\377\004\040\004\065\004\060\004\073\004\070\004\067\004\060\004\106\004\070\004\117\000\040\004\061\004\060\004\067\004\113\000\040\004\064\004\060\004\075\004\075\004\113\004\105}{chapter.3}% 27
\BOOKMARK [2][-]{subsection.3.3.1}{\376\377\004\041\004\076\004\067\004\064\004\060\004\075\004\070\004\065\000\040\004\102\004\060\004\061\004\073\004\070\004\106}{section.3.3}% 28
\BOOKMARK [2][-]{subsection.3.3.2}{\376\377\004\040\004\065\004\060\004\073\004\070\004\067\004\060\004\106\004\070\004\117\000\040\004\102\004\100\004\070\004\063\004\063\004\065\004\100\004\076\004\062}{section.3.3}% 29
\BOOKMARK [2][-]{subsection.3.3.3}{}{section.3.3}% 30
\BOOKMARK [1][-]{section.3.4}{\376\377\004\030\004\075\004\102\004\065\004\100\004\104\004\065\004\071\004\101\000\040\004\077\004\100\004\070\004\073\004\076\004\066\004\065\004\075\004\070\004\117}{chapter.3}% 31
\BOOKMARK [0][-]{chapter*.38}{\376\377\004\027\004\060\004\072\004\073\004\116\004\107\004\065\004\075\004\070\004\065}{}% 32
\BOOKMARK [0][-]{chapter*.38}{\376\377\004\041\004\077\004\070\004\101\004\076\004\072\000\040\004\073\004\070\004\102\004\065\004\100\004\060\004\102\004\103\004\100\004\113}{}% 33
